C:\Users\PROBOOK\Desktop\MASTER\Audio Programming\openal-wrapper\ openalwrapper\OpenALWrapper\Debug\OpenALWrapper.pdb
C:\Users\PROBOOK\Desktop\MASTER\Audio Programming\openal-wrapper\ openalwrapper\OpenALWrapper\OpenALWrapper\Debug\cl.command.1.tlog
C:\Users\PROBOOK\Desktop\MASTER\Audio Programming\openal-wrapper\ openalwrapper\OpenALWrapper\OpenALWrapper\Debug\CL.read.1.tlog
C:\Users\PROBOOK\Desktop\MASTER\Audio Programming\openal-wrapper\ openalwrapper\OpenALWrapper\OpenALWrapper\Debug\CL.write.1.tlog
C:\Users\PROBOOK\Desktop\MASTER\Audio Programming\openal-wrapper\ openalwrapper\OpenALWrapper\OpenALWrapper\Debug\link.6840.read.1.tlog
C:\Users\PROBOOK\Desktop\MASTER\Audio Programming\openal-wrapper\ openalwrapper\OpenALWrapper\OpenALWrapper\Debug\link.6840.write.1.tlog
C:\Users\PROBOOK\Desktop\MASTER\Audio Programming\openal-wrapper\ openalwrapper\OpenALWrapper\OpenALWrapper\Debug\link.6840-cvtres.read.1.tlog
C:\Users\PROBOOK\Desktop\MASTER\Audio Programming\openal-wrapper\ openalwrapper\OpenALWrapper\OpenALWrapper\Debug\link.6840-cvtres.write.1.tlog
C:\Users\PROBOOK\Desktop\MASTER\Audio Programming\openal-wrapper\ openalwrapper\OpenALWrapper\OpenALWrapper\Debug\link.command.1.tlog
C:\Users\PROBOOK\Desktop\MASTER\Audio Programming\openal-wrapper\ openalwrapper\OpenALWrapper\OpenALWrapper\Debug\link.read.1.tlog
C:\Users\PROBOOK\Desktop\MASTER\Audio Programming\openal-wrapper\ openalwrapper\OpenALWrapper\OpenALWrapper\Debug\link.write.1.tlog
C:\Users\PROBOOK\Desktop\MASTER\Audio Programming\openal-wrapper\ openalwrapper\OpenALWrapper\OpenALWrapper\Debug\link-cvtres.read.1.tlog
C:\Users\PROBOOK\Desktop\MASTER\Audio Programming\openal-wrapper\ openalwrapper\OpenALWrapper\OpenALWrapper\Debug\link-cvtres.write.1.tlog
C:\Users\PROBOOK\Desktop\MASTER\Audio Programming\openal-wrapper\ openalwrapper\OpenALWrapper\OpenALWrapper\Debug\mt.command.1.tlog
C:\Users\PROBOOK\Desktop\MASTER\Audio Programming\openal-wrapper\ openalwrapper\OpenALWrapper\OpenALWrapper\Debug\mt.read.1.tlog
C:\Users\PROBOOK\Desktop\MASTER\Audio Programming\openal-wrapper\ openalwrapper\OpenALWrapper\OpenALWrapper\Debug\mt.write.1.tlog
C:\USERS\PROBOOK\DESKTOP\MASTER\AUDIO PROGRAMMING\OPENAL-WRAPPER\ OPENALWRAPPER\OPENALWRAPPER\OPENALWRAPPER\DEBUG\OPENALWRAPPER.EXE.EMBED.MANIFEST
C:\USERS\PROBOOK\DESKTOP\MASTER\AUDIO PROGRAMMING\OPENAL-WRAPPER\ OPENALWRAPPER\OPENALWRAPPER\OPENALWRAPPER\DEBUG\OPENALWRAPPER.EXE.EMBED.MANIFEST.RES
C:\Users\PROBOOK\Desktop\MASTER\Audio Programming\openal-wrapper\ openalwrapper\OpenALWrapper\OpenALWrapper\Debug\OpenALWrapper.exe.intermediate.manifest
C:\USERS\PROBOOK\DESKTOP\MASTER\AUDIO PROGRAMMING\OPENAL-WRAPPER\ OPENALWRAPPER\OPENALWRAPPER\OPENALWRAPPER\DEBUG\OPENALWRAPPER.OBJ
C:\USERS\PROBOOK\DESKTOP\MASTER\AUDIO PROGRAMMING\OPENAL-WRAPPER\ OPENALWRAPPER\OPENALWRAPPER\OPENALWRAPPER\DEBUG\OPENALWRAPPER.PCH
C:\Users\PROBOOK\Desktop\MASTER\Audio Programming\openal-wrapper\ openalwrapper\OpenALWrapper\OpenALWrapper\Debug\OpenALWrapper_manifest.rc
C:\Users\PROBOOK\Desktop\MASTER\Audio Programming\openal-wrapper\ openalwrapper\OpenALWrapper\OpenALWrapper\Debug\rc.command.1.tlog
C:\Users\PROBOOK\Desktop\MASTER\Audio Programming\openal-wrapper\ openalwrapper\OpenALWrapper\OpenALWrapper\Debug\rc.read.1.tlog
C:\Users\PROBOOK\Desktop\MASTER\Audio Programming\openal-wrapper\ openalwrapper\OpenALWrapper\OpenALWrapper\Debug\rc.write.1.tlog
C:\USERS\PROBOOK\DESKTOP\MASTER\AUDIO PROGRAMMING\OPENAL-WRAPPER\ OPENALWRAPPER\OPENALWRAPPER\OPENALWRAPPER\DEBUG\SOUND.OBJ
C:\USERS\PROBOOK\DESKTOP\MASTER\AUDIO PROGRAMMING\OPENAL-WRAPPER\ OPENALWRAPPER\OPENALWRAPPER\OPENALWRAPPER\DEBUG\STDAFX.OBJ
C:\Users\PROBOOK\Desktop\MASTER\Audio Programming\openal-wrapper\ openalwrapper\OpenALWrapper\OpenALWrapper\Debug\vc100.idb
C:\USERS\PROBOOK\DESKTOP\MASTER\AUDIO PROGRAMMING\OPENAL-WRAPPER\ OPENALWRAPPER\OPENALWRAPPER\OPENALWRAPPER\DEBUG\VC100.PDB
